  GEN.cpp
c:\ycheba\main_kyrsovoi\course-on-programming-languages\bks-2019\bks-2019\lex.h(118): warning C4005: GRAPH_stringtoint: изменение макроопределения
  c:\ycheba\main_kyrsovoi\course-on-programming-languages\bks-2019\bks-2019\lex.h(109): note: см. предыдущее определение "GRAPH_stringtoint"
c:\ycheba\main_kyrsovoi\course-on-programming-languages\bks-2019\bks-2019\gen.cpp(25): warning C4305: инициализация: усечение из "int" в "char"
c:\ycheba\main_kyrsovoi\course-on-programming-languages\bks-2019\bks-2019\gen.cpp(25): warning C4309: инициализация: усечение константного значения
c:\ycheba\main_kyrsovoi\course-on-programming-languages\bks-2019\bks-2019\gen.cpp(28): warning C4305: инициализация: усечение из "int" в "char"
c:\ycheba\main_kyrsovoi\course-on-programming-languages\bks-2019\bks-2019\gen.cpp(28): warning C4309: инициализация: усечение константного значения
  In.cpp
  LEX.cpp
c:\ycheba\main_kyrsovoi\course-on-programming-languages\bks-2019\bks-2019\lex.h(118): warning C4005: GRAPH_stringtoint: изменение макроопределения
  c:\ycheba\main_kyrsovoi\course-on-programming-languages\bks-2019\bks-2019\lex.h(109): note: см. предыдущее определение "GRAPH_stringtoint"
c:\ycheba\main_kyrsovoi\course-on-programming-languages\bks-2019\bks-2019\lex.cpp(17): warning C4018: <: несоответствие типов со знаком и без знака
c:\ycheba\main_kyrsovoi\course-on-programming-languages\bks-2019\bks-2019\lex.cpp(95): warning C4018: <: несоответствие типов со знаком и без знака
c:\ycheba\main_kyrsovoi\course-on-programming-languages\bks-2019\bks-2019\lex.cpp(101): warning C4018: <: несоответствие типов со знаком и без знака
c:\ycheba\main_kyrsovoi\course-on-programming-languages\bks-2019\bks-2019\lex.cpp(135): warning C4018: >: несоответствие типов со знаком и без знака
c:\ycheba\main_kyrsovoi\course-on-programming-languages\bks-2019\bks-2019\lex.cpp(243): warning C4018: <: несоответствие типов со знаком и без знака
c:\ycheba\main_kyrsovoi\course-on-programming-languages\bks-2019\bks-2019\lex.cpp(303): warning C4305: аргумент: усечение из "int" в "char"
c:\ycheba\main_kyrsovoi\course-on-programming-languages\bks-2019\bks-2019\lex.cpp(303): warning C4309: аргумент: усечение константного значения
c:\ycheba\main_kyrsovoi\course-on-programming-languages\bks-2019\bks-2019\lex.cpp(317): warning C4838: преобразование из "int" в "char" требует сужающего преобразования
c:\ycheba\main_kyrsovoi\course-on-programming-languages\bks-2019\bks-2019\lex.cpp(317): warning C4305: инициализация: усечение из "int" в "char"
c:\ycheba\main_kyrsovoi\course-on-programming-languages\bks-2019\bks-2019\lex.cpp(317): warning C4309: инициализация: усечение константного значения
  Log.cpp
  MFST.cpp
c:\ycheba\main_kyrsovoi\course-on-programming-languages\bks-2019\bks-2019\lex.h(118): warning C4005: GRAPH_stringtoint: изменение макроопределения
  c:\ycheba\main_kyrsovoi\course-on-programming-languages\bks-2019\bks-2019\lex.h(109): note: см. предыдущее определение "GRAPH_stringtoint"
c:\ycheba\main_kyrsovoi\course-on-programming-languages\bks-2019\bks-2019\mfst.cpp(249): warning C4267: =: преобразование из "size_t" в "short"; возможна потеря данных
  PN.cpp
c:\ycheba\main_kyrsovoi\course-on-programming-languages\bks-2019\bks-2019\lex.h(118): warning C4005: GRAPH_stringtoint: изменение макроопределения
  c:\ycheba\main_kyrsovoi\course-on-programming-languages\bks-2019\bks-2019\lex.h(109): note: см. предыдущее определение "GRAPH_stringtoint"
  main.cpp
c:\ycheba\main_kyrsovoi\course-on-programming-languages\bks-2019\bks-2019\lex.h(118): warning C4005: GRAPH_stringtoint: изменение макроопределения
  c:\ycheba\main_kyrsovoi\course-on-programming-languages\bks-2019\bks-2019\lex.h(109): note: см. предыдущее определение "GRAPH_stringtoint"
  Создание кода...
  BKS-2019.vcxproj -> C:\ycheba\main_kyrsovoi\Course-on-programming-languages\BKS-2019\Debug\BKS-2019.exe
